<?xml version="1.0" encoding="UTF-8"?>
<testng-results total="1" passed="0" failed="1" skipped="0">
  <reporter-output>
    <line>
      <![CDATA[Chrome Running]]>
    </line>
    <line>
      <![CDATA[Execution URL is https://core.stg1.resourceadvisor.schneider-electric.com]]>
    </line>
    <line>
      <![CDATA[Logged in successfully with Internal user!!]]>
    </line>
    <line>
      <![CDATA[dashboard.size()...1]]>
    </line>
    <line>
      <![CDATA[Click on the existing dashboard 'Temp Dashboard']]>
    </line>
    <line>
      <![CDATA[There is no filter is applying on the dashboard]]>
    </line>
    <line>
      <![CDATA[Widget(s) deleted succesfully. ]]>
    </line>
    <line>
      <![CDATA[Navigation to PAM page tried 1st time.]]>
    </line>
    <line>
      <![CDATA[Inside Scatter Plot Card]]>
    </line>
    <line>
      <![CDATA[Navigated to Scatter plot Card page]]>
    </line>
    <line>
      <![CDATA[Added fixed date range as 1/1/2023 & 1/31/2023]]>
    </line>
    <line>
      <![CDATA[Selected commodity as Electricity And measurement as Energy]]>
    </line>
    <line>
      <![CDATA[Selected commodity as Gas And measurement as Volume]]>
    </line>
    <line>
      <![CDATA[Filtered site name as PAMTest_Herentals, Biscuits]]>
    </line>
    <line>
      <![CDATA[Clicked on refresh to load the chart!!]]>
    </line>
    <line>
      <![CDATA[Selected Energy and Volume measurements for PAMTest_Herentals, Biscuits & PAMTest_Energy Balance sites]]>
    </line>
    <line>
      <![CDATA[Clicked on refresh to load the chart!!]]>
    </line>
    <line>
      <![CDATA[Verified default values for Legend color and marker styles]]>
    </line>
    <line>
      <![CDATA[Verified modified Legend color.]]>
    </line>
    <line>
      <![CDATA[Browser closed successfully]]>
    </line>
  </reporter-output>
  <suite started-at="2025-01-15T09:16:35Z" name="Default suite" finished-at="2025-01-15T09:22:15Z" duration-ms="339397">
    <groups>
    </groups>
    <test started-at="2025-01-15T09:16:35Z" name="Default test" finished-at="2025-01-15T09:22:15Z" duration-ms="339397">
      <class name="regression.ScatterPlotAnalysisCard.QIDM_100_ScatterPlotAnalysisUpdatingSeriesColorandStyles">
        <test-method is-config="true" signature="initialize()[pri:0, instance:regression.ScatterPlotAnalysisCard.QIDM_100_ScatterPlotAnalysisUpdatingSeriesColorandStyles@409c54f]" started-at="2025-01-15T14:46:35Z" name="initialize" finished-at="2025-01-15T14:46:35Z" duration-ms="77" status="PASS">
          <reporter-output>
          </reporter-output>
        </test-method> <!-- initialize -->
        <test-method is-config="true" signature="launchBrowser()[pri:0, instance:regression.ScatterPlotAnalysisCard.QIDM_100_ScatterPlotAnalysisUpdatingSeriesColorandStyles@409c54f]" started-at="2025-01-15T14:46:35Z" name="launchBrowser" finished-at="2025-01-15T14:46:35Z" duration-ms="1" status="PASS">
          <reporter-output>
          </reporter-output>
        </test-method> <!-- launchBrowser -->
        <test-method is-config="true" signature="beforeMethod()[pri:0, instance:regression.ScatterPlotAnalysisCard.QIDM_100_ScatterPlotAnalysisUpdatingSeriesColorandStyles@409c54f]" started-at="2025-01-15T14:46:35Z" name="beforeMethod" finished-at="2025-01-15T14:46:41Z" duration-ms="6183" status="PASS">
          <reporter-output>
            <line>
              <![CDATA[Chrome Running]]>
            </line>
          </reporter-output>
        </test-method> <!-- beforeMethod -->
        <test-method signature="scatterPlotAnalysisUpdatingSeriesColorandStyles()[pri:0, instance:regression.ScatterPlotAnalysisCard.QIDM_100_ScatterPlotAnalysisUpdatingSeriesColorandStyles@409c54f]" started-at="2025-01-15T14:46:41Z" name="scatterPlotAnalysisUpdatingSeriesColorandStyles" finished-at="2025-01-15T14:52:11Z" duration-ms="329523" status="FAIL">
          <exception class="java.lang.NullPointerException">
            <message>
              <![CDATA[Cannot invoke "org.openqa.selenium.WebElement.click()" because the return value of "regression.ScatterPlotAnalysisCard.QIDM_100_ScatterPlotAnalysisUpdatingSeriesColorandStyles.getWebElementXpath_D(String)" is null]]>
            </message>
            <full-stacktrace>
              <![CDATA[java.lang.NullPointerException: Cannot invoke "org.openqa.selenium.WebElement.click()" because the return value of "regression.ScatterPlotAnalysisCard.QIDM_100_ScatterPlotAnalysisUpdatingSeriesColorandStyles.getWebElementXpath_D(String)" is null
	at regression.ScatterPlotAnalysisCard.QIDM_100_ScatterPlotAnalysisUpdatingSeriesColorandStyles.scatterPlotAnalysisUpdatingSeriesColorandStyles(QIDM_100_ScatterPlotAnalysisUpdatingSeriesColorandStyles.java:95)
	at java.base/jdk.internal.reflect.DirectMethodHandleAccessor.invoke(DirectMethodHandleAccessor.java:103)
	at java.base/java.lang.reflect.Method.invoke(Method.java:580)
	at org.testng.internal.MethodInvocationHelper.invokeMethod(MethodInvocationHelper.java:85)
	at org.testng.internal.Invoker.invokeMethod(Invoker.java:639)
	at org.testng.internal.Invoker.invokeTestMethod(Invoker.java:816)
	at org.testng.internal.Invoker.invokeTestMethods(Invoker.java:1124)
	at org.testng.internal.TestMethodWorker.invokeTestMethods(TestMethodWorker.java:125)
	at org.testng.internal.TestMethodWorker.run(TestMethodWorker.java:108)
	at org.testng.TestRunner.privateRun(TestRunner.java:774)
	at org.testng.TestRunner.run(TestRunner.java:624)
	at org.testng.SuiteRunner.runTest(SuiteRunner.java:359)
	at org.testng.SuiteRunner.runSequentially(SuiteRunner.java:354)
	at org.testng.SuiteRunner.privateRun(SuiteRunner.java:312)
	at org.testng.SuiteRunner.run(SuiteRunner.java:261)
	at org.testng.SuiteRunnerWorker.runSuite(SuiteRunnerWorker.java:52)
	at org.testng.SuiteRunnerWorker.run(SuiteRunnerWorker.java:86)
	at org.testng.TestNG.runSuitesSequentially(TestNG.java:1215)
	at org.testng.TestNG.runSuitesLocally(TestNG.java:1140)
	at org.testng.TestNG.run(TestNG.java:1048)
	at org.testng.remote.AbstractRemoteTestNG.run(AbstractRemoteTestNG.java:115)
	at org.testng.remote.RemoteTestNG.initAndRun(RemoteTestNG.java:251)
	at org.testng.remote.RemoteTestNG.main(RemoteTestNG.java:77)
]]>
            </full-stacktrace>
          </exception> <!-- java.lang.NullPointerException -->
          <reporter-output>
            <line>
              <![CDATA[Execution URL is https://core.stg1.resourceadvisor.schneider-electric.com]]>
            </line>
            <line>
              <![CDATA[Logged in successfully with Internal user!!]]>
            </line>
            <line>
              <![CDATA[dashboard.size()...1]]>
            </line>
            <line>
              <![CDATA[Click on the existing dashboard 'Temp Dashboard']]>
            </line>
            <line>
              <![CDATA[There is no filter is applying on the dashboard]]>
            </line>
            <line>
              <![CDATA[Widget(s) deleted succesfully. ]]>
            </line>
            <line>
              <![CDATA[Navigation to PAM page tried 1st time.]]>
            </line>
            <line>
              <![CDATA[Inside Scatter Plot Card]]>
            </line>
            <line>
              <![CDATA[Navigated to Scatter plot Card page]]>
            </line>
            <line>
              <![CDATA[Added fixed date range as 1/1/2023 & 1/31/2023]]>
            </line>
            <line>
              <![CDATA[Selected commodity as Electricity And measurement as Energy]]>
            </line>
            <line>
              <![CDATA[Selected commodity as Gas And measurement as Volume]]>
            </line>
            <line>
              <![CDATA[Filtered site name as PAMTest_Herentals, Biscuits]]>
            </line>
            <line>
              <![CDATA[Clicked on refresh to load the chart!!]]>
            </line>
            <line>
              <![CDATA[Selected Energy and Volume measurements for PAMTest_Herentals, Biscuits & PAMTest_Energy Balance sites]]>
            </line>
            <line>
              <![CDATA[Clicked on refresh to load the chart!!]]>
            </line>
            <line>
              <![CDATA[Verified default values for Legend color and marker styles]]>
            </line>
            <line>
              <![CDATA[Verified modified Legend color.]]>
            </line>
          </reporter-output>
        </test-method> <!-- scatterPlotAnalysisUpdatingSeriesColorandStyles -->
        <test-method is-config="true" signature="getResult(org.testng.ITestResult)[pri:0, instance:regression.ScatterPlotAnalysisCard.QIDM_100_ScatterPlotAnalysisUpdatingSeriesColorandStyles@409c54f]" started-at="2025-01-15T14:52:11Z" name="getResult" finished-at="2025-01-15T14:52:15Z" duration-ms="3671" status="PASS">
          <params>
            <param index="0">
              <value>
                <![CDATA[[TestResult name=scatterPlotAnalysisUpdatingSeriesColorandStyles status=FAILURE method=QIDM_100_ScatterPlotAnalysisUpdatingSeriesColorandStyles.scatterPlotAnalysisUpdatingSeriesColorandStyles()[pri:0, instance:regression.ScatterPlotAnalysisCard.QIDM_100_ScatterPlotAnalysisUpdatingSeriesColorandStyles@409c54f] output=Execution URL is https://core.stg1.resourceadvisor.schneider-electric.com]]]>
              </value>
            </param>
          </params>
          <reporter-output>
            <line>
              <![CDATA[Browser closed successfully]]>
            </line>
          </reporter-output>
        </test-method> <!-- getResult -->
        <test-method is-config="true" signature="closeAll()[pri:0, instance:regression.ScatterPlotAnalysisCard.QIDM_100_ScatterPlotAnalysisUpdatingSeriesColorandStyles@409c54f]" started-at="2025-01-15T14:52:15Z" name="closeAll" finished-at="2025-01-15T14:52:15Z" duration-ms="47" status="PASS">
          <reporter-output>
          </reporter-output>
        </test-method> <!-- closeAll -->
      </class> <!-- regression.ScatterPlotAnalysisCard.QIDM_100_ScatterPlotAnalysisUpdatingSeriesColorandStyles -->
    </test> <!-- Default test -->
  </suite> <!-- Default suite -->
</testng-results>
